# JRE version: OpenJDK Runtime Environment Temurin-17.0.5+8 (17.0.5+8) (build 17.0.5+8)
# Java VM: OpenJDK 64-Bit Server VM Temurin-17.0.5+8 (17.0.5+8, mixed mode, emulated-client, tiered, compressed oops, compressed class ptrs, g1 gc, windows-amd64)
GC Precious Log:
 CPUs: 12 total, 12 available
 Memory: 7938M
 Large Page Support: Disabled
 NUMA Support: Disabled
 Compressed Oops: Enabled (32-bit)
 Heap Region Size: 1M
 Heap Min Capacity: 8M
 Heap Initial Capacity: 126M
 Heap Max Capacity: 1986M
 Pre-touch: Disabled
 Parallel Workers: 10
 Concurrent Workers: 3
 Concurrent Refinement Workers: 10
 Periodic GC: Disabled
Heap:
 garbage-first heap   total 133120K, used 41589K [0x0000000083e00000, 0x0000000100000000)
  region size 1024K, 1 young (1024K), 0 survivors (0K)
 Metaspace       used 65601K, committed 66176K, reserved 1105920K
  class space    used 8831K, committed 9088K, reserved 1048576K
GC Heap History (20 events):
Event: 153445.722 GC heap before
{Heap before GC invocations=4965 (full 4925):
 garbage-first heap   total 133120K, used 41589K [0x0000000083e00000, 0x0000000100000000)
  region size 1024K, 1 young (1024K), 0 survivors (0K)
 Metaspace       used 65601K, committed 66176K, reserved 1105920K
  class space    used 8831K, committed 9088K, reserved 1048576K
}
Event: 153445.758 GC heap after
{Heap after GC invocations=4966 (full 4926):
 garbage-first heap   total 133120K, used 41589K [0x0000000083e00000, 0x0000000100000000)
  region size 1024K, 0 young (0K), 0 survivors (0K)
 Metaspace       used 65601K, committed 66176K, reserved 1105920K
  class space    used 8831K, committed 9088K, reserved 1048576K
}
Event: 153456.050 GC heap before
{Heap before GC invocations=4966 (full 4926):
 garbage-first heap   total 133120K, used 41589K [0x0000000083e00000, 0x0000000100000000)
  region size 1024K, 1 young (1024K), 0 survivors (0K)
 Metaspace       used 65601K, committed 66176K, reserved 1105920K
  class space    used 8831K, committed 9088K, reserved 1048576K
}
Event: 153456.081 GC heap after
{Heap after GC invocations=4967 (full 4927):
 garbage-first heap   total 133120K, used 41589K [0x0000000083e00000, 0x0000000100000000)
  region size 1024K, 0 young (0K), 0 survivors (0K)
 Metaspace       used 65601K, committed 66176K, reserved 1105920K
  class space    used 8831K, committed 9088K, reserved 1048576K
}
Event: 153466.311 GC heap before
{Heap before GC invocations=4967 (full 4927):
 garbage-first heap   total 133120K, used 41589K [0x0000000083e00000, 0x0000000100000000)
  region size 1024K, 1 young (1024K), 0 survivors (0K)
 Metaspace       used 65601K, committed 66176K, reserved 1105920K
  class space    used 8831K, committed 9088K, reserved 1048576K
}
Event: 153466.343 GC heap after
{Heap after GC invocations=4968 (full 4928):
 garbage-first heap   total 133120K, used 41589K [0x0000000083e00000, 0x0000000100000000)
  region size 1024K, 0 young (0K), 0 survivors (0K)
 Metaspace       used 65601K, committed 66176K, reserved 1105920K
  class space    used 8831K, committed 9088K, reserved 1048576K
}
Event: 153476.595 GC heap before
{Heap before GC invocations=4968 (full 4928):
 garbage-first heap   total 133120K, used 41589K [0x0000000083e00000, 0x0000000100000000)
  region size 1024K, 1 young (1024K), 0 survivors (0K)
 Metaspace       used 65601K, committed 66176K, reserved 1105920K
  class space    used 8831K, committed 9088K, reserved 1048576K
}
Event: 153476.632 GC heap after
{Heap after GC invocations=4969 (full 4929):
 garbage-first heap   total 133120K, used 41589K [0x0000000083e00000, 0x0000000100000000)
  region size 1024K, 0 young (0K), 0 survivors (0K)
 Metaspace       used 65601K, committed 66176K, reserved 1105920K
  class space    used 8831K, committed 9088K, reserved 1048576K
}
Event: 153486.889 GC heap before
{Heap before GC invocations=4969 (full 4929):
 garbage-first heap   total 133120K, used 41589K [0x0000000083e00000, 0x0000000100000000)
  region size 1024K, 1 young (1024K), 0 survivors (0K)
 Metaspace       used 65601K, committed 66176K, reserved 1105920K
  class space    used 8831K, committed 9088K, reserved 1048576K
}
Event: 153486.924 GC heap after
{Heap after GC invocations=4970 (full 4930):
 garbage-first heap   total 133120K, used 41589K [0x0000000083e00000, 0x0000000100000000)
  region size 1024K, 0 young (0K), 0 survivors (0K)
 Metaspace       used 65601K, committed 66176K, reserved 1105920K
  class space    used 8831K, committed 9088K, reserved 1048576K
}
Event: 153497.186 GC heap before
{Heap before GC invocations=4970 (full 4930):
 garbage-first heap   total 133120K, used 41589K [0x0000000083e00000, 0x0000000100000000)
  region size 1024K, 1 young (1024K), 0 survivors (0K)
 Metaspace       used 65601K, committed 66176K, reserved 1105920K
  class space    used 8831K, committed 9088K, reserved 1048576K
}
Event: 153497.233 GC heap after
{Heap after GC invocations=4971 (full 4931):
 garbage-first heap   total 133120K, used 41589K [0x0000000083e00000, 0x0000000100000000)
  region size 1024K, 0 young (0K), 0 survivors (0K)
 Metaspace       used 65601K, committed 66176K, reserved 1105920K
  class space    used 8831K, committed 9088K, reserved 1048576K
}
Event: 153507.521 GC heap before
{Heap before GC invocations=4971 (full 4931):
 garbage-first heap   total 133120K, used 41589K [0x0000000083e00000, 0x0000000100000000)
  region size 1024K, 1 young (1024K), 0 survivors (0K)
 Metaspace       used 65601K, committed 66176K, reserved 1105920K
  class space    used 8831K, committed 9088K, reserved 1048576K
}
Event: 153507.562 GC heap after
{Heap after GC invocations=4972 (full 4932):
 garbage-first heap   total 133120K, used 41589K [0x0000000083e00000, 0x0000000100000000)
  region size 1024K, 0 young (0K), 0 survivors (0K)
 Metaspace       used 65601K, committed 66176K, reserved 1105920K
  class space    used 8831K, committed 9088K, reserved 1048576K
}
Event: 153517.929 GC heap before
{Heap before GC invocations=4972 (full 4932):
 garbage-first heap   total 133120K, used 41589K [0x0000000083e00000, 0x0000000100000000)
  region size 1024K, 1 young (1024K), 0 survivors (0K)
 Metaspace       used 65601K, committed 66176K, reserved 1105920K
  class space    used 8831K, committed 9088K, reserved 1048576K
}
Event: 153517.973 GC heap after
{Heap after GC invocations=4973 (full 4933):
 garbage-first heap   total 133120K, used 41589K [0x0000000083e00000, 0x0000000100000000)
  region size 1024K, 0 young (0K), 0 survivors (0K)
 Metaspace       used 65601K, committed 66176K, reserved 1105920K
  class space    used 8831K, committed 9088K, reserved 1048576K
}
Event: 153528.268 GC heap before
{Heap before GC invocations=4973 (full 4933):
 garbage-first heap   total 133120K, used 41589K [0x0000000083e00000, 0x0000000100000000)
  region size 1024K, 1 young (1024K), 0 survivors (0K)
 Metaspace       used 65601K, committed 66176K, reserved 1105920K
  class space    used 8831K, committed 9088K, reserved 1048576K
}
Event: 153528.307 GC heap after
{Heap after GC invocations=4974 (full 4934):
 garbage-first heap   total 133120K, used 41589K [0x0000000083e00000, 0x0000000100000000)
  region size 1024K, 0 young (0K), 0 survivors (0K)
 Metaspace       used 65601K, committed 66176K, reserved 1105920K
  class space    used 8831K, committed 9088K, reserved 1048576K
}
Event: 153538.571 GC heap before
{Heap before GC invocations=4974 (full 4934):
 garbage-first heap   total 133120K, used 41589K [0x0000000083e00000, 0x0000000100000000)
  region size 1024K, 1 young (1024K), 0 survivors (0K)
 Metaspace       used 65601K, committed 66176K, reserved 1105920K
  class space    used 8831K, committed 9088K, reserved 1048576K
}
Event: 153538.606 GC heap after
{Heap after GC invocations=4975 (full 4935):
 garbage-first heap   total 133120K, used 41589K [0x0000000083e00000, 0x0000000100000000)
  region size 1024K, 0 young (0K), 0 survivors (0K)
 Metaspace       used 65601K, committed 66176K, reserved 1105920K
  class space    used 8831K, committed 9088K, reserved 1048576K
}

