# JRE version: OpenJDK Runtime Environment Temurin-17.0.5+8 (17.0.5+8) (build 17.0.5+8)
# Java VM: OpenJDK 64-Bit Server VM Temurin-17.0.5+8 (17.0.5+8, mixed mode, emulated-client, tiered, compressed oops, compressed class ptrs, g1 gc, windows-amd64)
GC Precious Log:
 CPUs: 12 total, 12 available
 Memory: 7938M
 Large Page Support: Disabled
 NUMA Support: Disabled
 Compressed Oops: Enabled (32-bit)
 Heap Region Size: 1M
 Heap Min Capacity: 8M
 Heap Initial Capacity: 126M
 Heap Max Capacity: 1G
 Pre-touch: Disabled
 Parallel Workers: 10
 Concurrent Workers: 3
 Concurrent Refinement Workers: 10
 Periodic GC: Disabled
Heap:
 garbage-first heap   total 202752K, used 77332K [0x00000000c0000000, 0x0000000100000000)
  region size 1024K, 7 young (7168K), 7 survivors (7168K)
 Metaspace       used 35884K, committed 36288K, reserved 1081344K
  class space    used 4656K, committed 4864K, reserved 1048576K
GC Heap History (20 events):
Event: 13.595 GC heap after
{Heap after GC invocations=17 (full 0):
 garbage-first heap   total 82944K, used 45291K [0x00000000c0000000, 0x0000000100000000)
  region size 1024K, 3 young (3072K), 3 survivors (3072K)
 Metaspace       used 35710K, committed 36160K, reserved 1081344K
  class space    used 4631K, committed 4864K, reserved 1048576K
}
Event: 13.658 GC heap before
{Heap before GC invocations=18 (full 0):
 garbage-first heap   total 92160K, used 61675K [0x00000000c0000000, 0x0000000100000000)
  region size 1024K, 19 young (19456K), 3 survivors (3072K)
 Metaspace       used 35710K, committed 36160K, reserved 1081344K
  class space    used 4631K, committed 4864K, reserved 1048576K
}
Event: 13.664 GC heap after
{Heap after GC invocations=19 (full 0):
 garbage-first heap   total 92160K, used 48986K [0x00000000c0000000, 0x0000000100000000)
  region size 1024K, 3 young (3072K), 3 survivors (3072K)
 Metaspace       used 35710K, committed 36160K, reserved 1081344K
  class space    used 4631K, committed 4864K, reserved 1048576K
}
Event: 14.499 GC heap before
{Heap before GC invocations=19 (full 0):
 garbage-first heap   total 92160K, used 62298K [0x00000000c0000000, 0x0000000100000000)
  region size 1024K, 17 young (17408K), 3 survivors (3072K)
 Metaspace       used 35713K, committed 36160K, reserved 1081344K
  class space    used 4633K, committed 4864K, reserved 1048576K
}
Event: 14.503 GC heap after
{Heap after GC invocations=20 (full 0):
 garbage-first heap   total 92160K, used 52453K [0x00000000c0000000, 0x0000000100000000)
  region size 1024K, 3 young (3072K), 3 survivors (3072K)
 Metaspace       used 35713K, committed 36160K, reserved 1081344K
  class space    used 4633K, committed 4864K, reserved 1048576K
}
Event: 14.679 GC heap before
{Heap before GC invocations=21 (full 0):
 garbage-first heap   total 92160K, used 70885K [0x00000000c0000000, 0x0000000100000000)
  region size 1024K, 20 young (20480K), 3 survivors (3072K)
 Metaspace       used 35715K, committed 36160K, reserved 1081344K
  class space    used 4633K, committed 4864K, reserved 1048576K
}
Event: 14.688 GC heap after
{Heap after GC invocations=22 (full 0):
 garbage-first heap   total 92160K, used 63225K [0x00000000c0000000, 0x0000000100000000)
  region size 1024K, 3 young (3072K), 3 survivors (3072K)
 Metaspace       used 35715K, committed 36160K, reserved 1081344K
  class space    used 4633K, committed 4864K, reserved 1048576K
}
Event: 14.702 GC heap before
{Heap before GC invocations=22 (full 0):
 garbage-first heap   total 92160K, used 64249K [0x00000000c0000000, 0x0000000100000000)
  region size 1024K, 4 young (4096K), 3 survivors (3072K)
 Metaspace       used 35715K, committed 36160K, reserved 1081344K
  class space    used 4633K, committed 4864K, reserved 1048576K
}
Event: 14.705 GC heap after
{Heap after GC invocations=23 (full 0):
 garbage-first heap   total 92160K, used 64576K [0x00000000c0000000, 0x0000000100000000)
  region size 1024K, 1 young (1024K), 1 survivors (1024K)
 Metaspace       used 35715K, committed 36160K, reserved 1081344K
  class space    used 4633K, committed 4864K, reserved 1048576K
}
Event: 14.771 GC heap before
{Heap before GC invocations=23 (full 0):
 garbage-first heap   total 92160K, used 71744K [0x00000000c0000000, 0x0000000100000000)
  region size 1024K, 9 young (9216K), 1 survivors (1024K)
 Metaspace       used 35776K, committed 36224K, reserved 1081344K
  class space    used 4642K, committed 4864K, reserved 1048576K
}
Event: 14.792 GC heap after
{Heap after GC invocations=24 (full 0):
 garbage-first heap   total 202752K, used 67845K [0x00000000c0000000, 0x0000000100000000)
  region size 1024K, 2 young (2048K), 2 survivors (2048K)
 Metaspace       used 35776K, committed 36224K, reserved 1081344K
  class space    used 4642K, committed 4864K, reserved 1048576K
}
Event: 14.897 GC heap before
{Heap before GC invocations=25 (full 0):
 garbage-first heap   total 202752K, used 118021K [0x00000000c0000000, 0x0000000100000000)
  region size 1024K, 53 young (54272K), 2 survivors (2048K)
 Metaspace       used 35884K, committed 36288K, reserved 1081344K
  class space    used 4656K, committed 4864K, reserved 1048576K
}
Event: 14.901 GC heap after
{Heap after GC invocations=26 (full 0):
 garbage-first heap   total 202752K, used 69194K [0x00000000c0000000, 0x0000000100000000)
  region size 1024K, 5 young (5120K), 5 survivors (5120K)
 Metaspace       used 35884K, committed 36288K, reserved 1081344K
  class space    used 4656K, committed 4864K, reserved 1048576K
}
Event: 14.903 GC heap before
{Heap before GC invocations=26 (full 0):
 garbage-first heap   total 202752K, used 72266K [0x00000000c0000000, 0x0000000100000000)
  region size 1024K, 9 young (9216K), 5 survivors (5120K)
 Metaspace       used 35884K, committed 36288K, reserved 1081344K
  class space    used 4656K, committed 4864K, reserved 1048576K
}
Event: 14.910 GC heap after
{Heap after GC invocations=27 (full 0):
 garbage-first heap   total 202752K, used 68292K [0x00000000c0000000, 0x0000000100000000)
  region size 1024K, 1 young (1024K), 1 survivors (1024K)
 Metaspace       used 35884K, committed 36288K, reserved 1081344K
  class space    used 4656K, committed 4864K, reserved 1048576K
}
Event: 14.952 GC heap before
{Heap before GC invocations=27 (full 0):
 garbage-first heap   total 202752K, used 146116K [0x00000000c0000000, 0x0000000100000000)
  region size 1024K, 78 young (79872K), 1 survivors (1024K)
 Metaspace       used 35884K, committed 36288K, reserved 1081344K
  class space    used 4656K, committed 4864K, reserved 1048576K
}
Event: 14.956 GC heap after
{Heap after GC invocations=28 (full 0):
 garbage-first heap   total 202752K, used 71050K [0x00000000c0000000, 0x0000000100000000)
  region size 1024K, 4 young (4096K), 4 survivors (4096K)
 Metaspace       used 35884K, committed 36288K, reserved 1081344K
  class space    used 4656K, committed 4864K, reserved 1048576K
}
Event: 14.999 GC heap before
{Heap before GC invocations=28 (full 0):
 garbage-first heap   total 202752K, used 150922K [0x00000000c0000000, 0x0000000100000000)
  region size 1024K, 83 young (84992K), 4 survivors (4096K)
 Metaspace       used 35884K, committed 36288K, reserved 1081344K
  class space    used 4656K, committed 4864K, reserved 1048576K
}
Event: 15.003 GC heap after
{Heap after GC invocations=29 (full 0):
 garbage-first heap   total 202752K, used 74295K [0x00000000c0000000, 0x0000000100000000)
  region size 1024K, 7 young (7168K), 7 survivors (7168K)
 Metaspace       used 35884K, committed 36288K, reserved 1081344K
  class space    used 4656K, committed 4864K, reserved 1048576K
}
Event: 15.065 GC heap before
{Heap before GC invocations=29 (full 0):
 garbage-first heap   total 202752K, used 155191K [0x00000000c0000000, 0x0000000100000000)
  region size 1024K, 87 young (89088K), 7 survivors (7168K)
 Metaspace       used 35884K, committed 36288K, reserved 1081344K
  class space    used 4656K, committed 4864K, reserved 1048576K
}

