# JRE version: OpenJDK Runtime Environment Temurin-17.0.5+8 (17.0.5+8) (build 17.0.5+8)
# Java VM: OpenJDK 64-Bit Server VM Temurin-17.0.5+8 (17.0.5+8, mixed mode, emulated-client, tiered, compressed oops, compressed class ptrs, g1 gc, windows-amd64)
GC Precious Log:
 CPUs: 12 total, 12 available
 Memory: 7938M
 Large Page Support: Disabled
 NUMA Support: Disabled
 Compressed Oops: Enabled (32-bit)
 Heap Region Size: 1M
 Heap Min Capacity: 8M
 Heap Initial Capacity: 126M
 Heap Max Capacity: 1G
 Pre-touch: Disabled
 Parallel Workers: 10
 Concurrent Workers: 3
 Concurrent Refinement Workers: 10
 Periodic GC: Disabled
Heap:
 garbage-first heap   total 347136K, used 159803K [0x00000000c0000000, 0x0000000100000000)
  region size 1024K, 1 young (1024K), 0 survivors (0K)
 Metaspace       used 71416K, committed 71872K, reserved 1114112K
  class space    used 9690K, committed 9856K, reserved 1048576K
GC Heap History (20 events):
Event: 438430.352 GC heap before
{Heap before GC invocations=9542 (full 9040):
 garbage-first heap   total 347136K, used 159805K [0x00000000c0000000, 0x0000000100000000)
  region size 1024K, 1 young (1024K), 0 survivors (0K)
 Metaspace       used 71416K, committed 71872K, reserved 1114112K
  class space    used 9690K, committed 9856K, reserved 1048576K
}
Event: 438430.444 GC heap after
{Heap after GC invocations=9543 (full 9041):
 garbage-first heap   total 347136K, used 159805K [0x00000000c0000000, 0x0000000100000000)
  region size 1024K, 0 young (0K), 0 survivors (0K)
 Metaspace       used 71416K, committed 71872K, reserved 1114112K
  class space    used 9690K, committed 9856K, reserved 1048576K
}
Event: 438440.674 GC heap before
{Heap before GC invocations=9543 (full 9041):
 garbage-first heap   total 347136K, used 159805K [0x00000000c0000000, 0x0000000100000000)
  region size 1024K, 1 young (1024K), 0 survivors (0K)
 Metaspace       used 71416K, committed 71872K, reserved 1114112K
  class space    used 9690K, committed 9856K, reserved 1048576K
}
Event: 438440.767 GC heap after
{Heap after GC invocations=9544 (full 9042):
 garbage-first heap   total 347136K, used 159805K [0x00000000c0000000, 0x0000000100000000)
  region size 1024K, 0 young (0K), 0 survivors (0K)
 Metaspace       used 71416K, committed 71872K, reserved 1114112K
  class space    used 9690K, committed 9856K, reserved 1048576K
}
Event: 438451.025 GC heap before
{Heap before GC invocations=9544 (full 9042):
 garbage-first heap   total 347136K, used 159805K [0x00000000c0000000, 0x0000000100000000)
  region size 1024K, 1 young (1024K), 0 survivors (0K)
 Metaspace       used 71416K, committed 71872K, reserved 1114112K
  class space    used 9690K, committed 9856K, reserved 1048576K
}
Event: 438451.112 GC heap after
{Heap after GC invocations=9545 (full 9043):
 garbage-first heap   total 347136K, used 159805K [0x00000000c0000000, 0x0000000100000000)
  region size 1024K, 0 young (0K), 0 survivors (0K)
 Metaspace       used 71416K, committed 71872K, reserved 1114112K
  class space    used 9690K, committed 9856K, reserved 1048576K
}
Event: 438461.322 GC heap before
{Heap before GC invocations=9545 (full 9043):
 garbage-first heap   total 347136K, used 159805K [0x00000000c0000000, 0x0000000100000000)
  region size 1024K, 1 young (1024K), 0 survivors (0K)
 Metaspace       used 71416K, committed 71872K, reserved 1114112K
  class space    used 9690K, committed 9856K, reserved 1048576K
}
Event: 438461.409 GC heap after
{Heap after GC invocations=9546 (full 9044):
 garbage-first heap   total 347136K, used 159805K [0x00000000c0000000, 0x0000000100000000)
  region size 1024K, 0 young (0K), 0 survivors (0K)
 Metaspace       used 71416K, committed 71872K, reserved 1114112K
  class space    used 9690K, committed 9856K, reserved 1048576K
}
Event: 438471.639 GC heap before
{Heap before GC invocations=9546 (full 9044):
 garbage-first heap   total 347136K, used 159805K [0x00000000c0000000, 0x0000000100000000)
  region size 1024K, 1 young (1024K), 0 survivors (0K)
 Metaspace       used 71416K, committed 71872K, reserved 1114112K
  class space    used 9690K, committed 9856K, reserved 1048576K
}
Event: 438471.728 GC heap after
{Heap after GC invocations=9547 (full 9045):
 garbage-first heap   total 347136K, used 159803K [0x00000000c0000000, 0x0000000100000000)
  region size 1024K, 0 young (0K), 0 survivors (0K)
 Metaspace       used 71416K, committed 71872K, reserved 1114112K
  class space    used 9690K, committed 9856K, reserved 1048576K
}
Event: 438482.135 GC heap before
{Heap before GC invocations=9547 (full 9045):
 garbage-first heap   total 347136K, used 159803K [0x00000000c0000000, 0x0000000100000000)
  region size 1024K, 1 young (1024K), 0 survivors (0K)
 Metaspace       used 71416K, committed 71872K, reserved 1114112K
  class space    used 9690K, committed 9856K, reserved 1048576K
}
Event: 438482.234 GC heap after
{Heap after GC invocations=9548 (full 9046):
 garbage-first heap   total 347136K, used 159803K [0x00000000c0000000, 0x0000000100000000)
  region size 1024K, 0 young (0K), 0 survivors (0K)
 Metaspace       used 71416K, committed 71872K, reserved 1114112K
  class space    used 9690K, committed 9856K, reserved 1048576K
}
Event: 438493.108 GC heap before
{Heap before GC invocations=9548 (full 9046):
 garbage-first heap   total 347136K, used 159803K [0x00000000c0000000, 0x0000000100000000)
  region size 1024K, 1 young (1024K), 0 survivors (0K)
 Metaspace       used 71416K, committed 71872K, reserved 1114112K
  class space    used 9690K, committed 9856K, reserved 1048576K
}
Event: 438493.259 GC heap after
{Heap after GC invocations=9549 (full 9047):
 garbage-first heap   total 347136K, used 159803K [0x00000000c0000000, 0x0000000100000000)
  region size 1024K, 0 young (0K), 0 survivors (0K)
 Metaspace       used 71416K, committed 71872K, reserved 1114112K
  class space    used 9690K, committed 9856K, reserved 1048576K
}
Event: 438504.191 GC heap before
{Heap before GC invocations=9549 (full 9047):
 garbage-first heap   total 347136K, used 159803K [0x00000000c0000000, 0x0000000100000000)
  region size 1024K, 1 young (1024K), 0 survivors (0K)
 Metaspace       used 71416K, committed 71872K, reserved 1114112K
  class space    used 9690K, committed 9856K, reserved 1048576K
}
Event: 438507.848 GC heap after
{Heap after GC invocations=9550 (full 9048):
 garbage-first heap   total 347136K, used 159803K [0x00000000c0000000, 0x0000000100000000)
  region size 1024K, 0 young (0K), 0 survivors (0K)
 Metaspace       used 71416K, committed 71872K, reserved 1114112K
  class space    used 9690K, committed 9856K, reserved 1048576K
}
Event: 438518.796 GC heap before
{Heap before GC invocations=9550 (full 9048):
 garbage-first heap   total 347136K, used 159803K [0x00000000c0000000, 0x0000000100000000)
  region size 1024K, 1 young (1024K), 0 survivors (0K)
 Metaspace       used 71416K, committed 71872K, reserved 1114112K
  class space    used 9690K, committed 9856K, reserved 1048576K
}
Event: 438519.849 GC heap after
{Heap after GC invocations=9551 (full 9049):
 garbage-first heap   total 347136K, used 159803K [0x00000000c0000000, 0x0000000100000000)
  region size 1024K, 0 young (0K), 0 survivors (0K)
 Metaspace       used 71416K, committed 71872K, reserved 1114112K
  class space    used 9690K, committed 9856K, reserved 1048576K
}
Event: 438530.509 GC heap before
{Heap before GC invocations=9551 (full 9049):
 garbage-first heap   total 347136K, used 159803K [0x00000000c0000000, 0x0000000100000000)
  region size 1024K, 1 young (1024K), 0 survivors (0K)
 Metaspace       used 71416K, committed 71872K, reserved 1114112K
  class space    used 9690K, committed 9856K, reserved 1048576K
}
Event: 438530.632 GC heap after
{Heap after GC invocations=9552 (full 9050):
 garbage-first heap   total 347136K, used 159803K [0x00000000c0000000, 0x0000000100000000)
  region size 1024K, 0 young (0K), 0 survivors (0K)
 Metaspace       used 71416K, committed 71872K, reserved 1114112K
  class space    used 9690K, committed 9856K, reserved 1048576K
}

