# JRE version: OpenJDK Runtime Environment Temurin-17.0.5+8 (17.0.5+8) (build 17.0.5+8)
# Java VM: OpenJDK 64-Bit Server VM Temurin-17.0.5+8 (17.0.5+8, mixed mode, emulated-client, tiered, compressed oops, compressed class ptrs, g1 gc, windows-amd64)
GC Precious Log:
 CPUs: 12 total, 12 available
 Memory: 7938M
 Large Page Support: Disabled
 NUMA Support: Disabled
 Compressed Oops: Enabled (32-bit)
 Heap Region Size: 1M
 Heap Min Capacity: 8M
 Heap Initial Capacity: 126M
 Heap Max Capacity: 1986M
 Pre-touch: Disabled
 Parallel Workers: 10
 Concurrent Workers: 3
 Concurrent Refinement Workers: 10
 Periodic GC: Disabled
Heap:
 garbage-first heap   total 319488K, used 97682K [0x0000000083e00000, 0x0000000100000000)
  region size 1024K, 14 young (14336K), 14 survivors (14336K)
 Metaspace       used 36567K, committed 36992K, reserved 1089536K
  class space    used 4803K, committed 4992K, reserved 1048576K
GC Heap History (20 events):
Event: 8.502 GC heap after
{Heap after GC invocations=12 (full 0):
 garbage-first heap   total 68608K, used 25714K [0x0000000083e00000, 0x0000000100000000)
  region size 1024K, 1 young (1024K), 1 survivors (1024K)
 Metaspace       used 36210K, committed 36608K, reserved 1081344K
  class space    used 4755K, committed 4928K, reserved 1048576K
}
Event: 8.563 GC heap before
{Heap before GC invocations=12 (full 0):
 garbage-first heap   total 68608K, used 48242K [0x0000000083e00000, 0x0000000100000000)
  region size 1024K, 24 young (24576K), 1 survivors (1024K)
 Metaspace       used 36330K, committed 36736K, reserved 1081344K
  class space    used 4774K, committed 4992K, reserved 1048576K
}
Event: 8.567 GC heap after
{Heap after GC invocations=13 (full 0):
 garbage-first heap   total 68608K, used 30094K [0x0000000083e00000, 0x0000000100000000)
  region size 1024K, 3 young (3072K), 3 survivors (3072K)
 Metaspace       used 36330K, committed 36736K, reserved 1081344K
  class space    used 4774K, committed 4992K, reserved 1048576K
}
Event: 8.618 GC heap before
{Heap before GC invocations=13 (full 0):
 garbage-first heap   total 68608K, used 49550K [0x0000000083e00000, 0x0000000100000000)
  region size 1024K, 23 young (23552K), 3 survivors (3072K)
 Metaspace       used 36330K, committed 36736K, reserved 1081344K
  class space    used 4774K, committed 4992K, reserved 1048576K
}
Event: 8.622 GC heap after
{Heap after GC invocations=14 (full 0):
 garbage-first heap   total 159744K, used 33715K [0x0000000083e00000, 0x0000000100000000)
  region size 1024K, 3 young (3072K), 3 survivors (3072K)
 Metaspace       used 36330K, committed 36736K, reserved 1081344K
  class space    used 4774K, committed 4992K, reserved 1048576K
}
Event: 8.992 GC heap before
{Heap before GC invocations=14 (full 0):
 garbage-first heap   total 159744K, used 110515K [0x0000000083e00000, 0x0000000100000000)
  region size 1024K, 78 young (79872K), 3 survivors (3072K)
 Metaspace       used 36366K, committed 36800K, reserved 1081344K
  class space    used 4779K, committed 4992K, reserved 1048576K
}
Event: 9.009 GC heap after
{Heap after GC invocations=15 (full 0):
 garbage-first heap   total 159744K, used 55159K [0x0000000083e00000, 0x0000000100000000)
  region size 1024K, 10 young (10240K), 10 survivors (10240K)
 Metaspace       used 36366K, committed 36800K, reserved 1081344K
  class space    used 4779K, committed 4992K, reserved 1048576K
}
Event: 9.100 GC heap before
{Heap before GC invocations=15 (full 0):
 garbage-first heap   total 159744K, used 108407K [0x0000000083e00000, 0x0000000100000000)
  region size 1024K, 62 young (63488K), 10 survivors (10240K)
 Metaspace       used 36485K, committed 36864K, reserved 1081344K
  class space    used 4796K, committed 4992K, reserved 1048576K
}
Event: 9.123 GC heap after
{Heap after GC invocations=16 (full 0):
 garbage-first heap   total 159744K, used 66949K [0x0000000083e00000, 0x0000000100000000)
  region size 1024K, 8 young (8192K), 8 survivors (8192K)
 Metaspace       used 36485K, committed 36864K, reserved 1081344K
  class space    used 4796K, committed 4992K, reserved 1048576K
}
Event: 9.155 GC heap before
{Heap before GC invocations=16 (full 0):
 garbage-first heap   total 159744K, used 113029K [0x0000000083e00000, 0x0000000100000000)
  region size 1024K, 54 young (55296K), 8 survivors (8192K)
 Metaspace       used 36567K, committed 36992K, reserved 1089536K
  class space    used 4802K, committed 4992K, reserved 1048576K
}
Event: 9.161 GC heap after
{Heap after GC invocations=17 (full 0):
 garbage-first heap   total 159744K, used 70494K [0x0000000083e00000, 0x0000000100000000)
  region size 1024K, 3 young (3072K), 3 survivors (3072K)
 Metaspace       used 36567K, committed 36992K, reserved 1089536K
  class space    used 4802K, committed 4992K, reserved 1048576K
}
Event: 9.198 GC heap before
{Heap before GC invocations=17 (full 0):
 garbage-first heap   total 159744K, used 117598K [0x0000000083e00000, 0x0000000100000000)
  region size 1024K, 50 young (51200K), 3 survivors (3072K)
 Metaspace       used 36567K, committed 36992K, reserved 1089536K
  class space    used 4802K, committed 4992K, reserved 1048576K
}
Event: 9.201 GC heap after
{Heap after GC invocations=18 (full 0):
 garbage-first heap   total 319488K, used 72112K [0x0000000083e00000, 0x0000000100000000)
  region size 1024K, 5 young (5120K), 5 survivors (5120K)
 Metaspace       used 36567K, committed 36992K, reserved 1089536K
  class space    used 4802K, committed 4992K, reserved 1048576K
}
Event: 9.349 GC heap before
{Heap before GC invocations=18 (full 0):
 garbage-first heap   total 319488K, used 208304K [0x0000000083e00000, 0x0000000100000000)
  region size 1024K, 139 young (142336K), 5 survivors (5120K)
 Metaspace       used 36567K, committed 36992K, reserved 1089536K
  class space    used 4802K, committed 4992K, reserved 1048576K
}
Event: 9.356 GC heap after
{Heap after GC invocations=19 (full 0):
 garbage-first heap   total 319488K, used 77331K [0x0000000083e00000, 0x0000000100000000)
  region size 1024K, 10 young (10240K), 10 survivors (10240K)
 Metaspace       used 36567K, committed 36992K, reserved 1089536K
  class space    used 4802K, committed 4992K, reserved 1048576K
}
Event: 9.411 GC heap before
{Heap before GC invocations=19 (full 0):
 garbage-first heap   total 319488K, used 237075K [0x0000000083e00000, 0x0000000100000000)
  region size 1024K, 167 young (171008K), 10 survivors (10240K)
 Metaspace       used 36567K, committed 36992K, reserved 1089536K
  class space    used 4802K, committed 4992K, reserved 1048576K
}
Event: 9.417 GC heap after
{Heap after GC invocations=20 (full 0):
 garbage-first heap   total 319488K, used 83912K [0x0000000083e00000, 0x0000000100000000)
  region size 1024K, 16 young (16384K), 16 survivors (16384K)
 Metaspace       used 36567K, committed 36992K, reserved 1089536K
  class space    used 4802K, committed 4992K, reserved 1048576K
}
Event: 9.471 GC heap before
{Heap before GC invocations=20 (full 0):
 garbage-first heap   total 319488K, used 244680K [0x0000000083e00000, 0x0000000100000000)
  region size 1024K, 174 young (178176K), 16 survivors (16384K)
 Metaspace       used 36567K, committed 36992K, reserved 1089536K
  class space    used 4803K, committed 4992K, reserved 1048576K
}
Event: 9.489 GC heap after
{Heap after GC invocations=21 (full 0):
 garbage-first heap   total 319488K, used 90444K [0x0000000083e00000, 0x0000000100000000)
  region size 1024K, 14 young (14336K), 14 survivors (14336K)
 Metaspace       used 36567K, committed 36992K, reserved 1089536K
  class space    used 4803K, committed 4992K, reserved 1048576K
}
Event: 9.539 GC heap before
{Heap before GC invocations=21 (full 0):
 garbage-first heap   total 319488K, used 251212K [0x0000000083e00000, 0x0000000100000000)
  region size 1024K, 172 young (176128K), 14 survivors (14336K)
 Metaspace       used 36567K, committed 36992K, reserved 1089536K
  class space    used 4803K, committed 4992K, reserved 1048576K
}

