# JRE version: OpenJDK Runtime Environment Temurin-17.0.5+8 (17.0.5+8) (build 17.0.5+8)
# Java VM: OpenJDK 64-Bit Server VM Temurin-17.0.5+8 (17.0.5+8, mixed mode, emulated-client, tiered, compressed oops, compressed class ptrs, g1 gc, windows-amd64)
GC Precious Log:
 CPUs: 12 total, 12 available
 Memory: 7938M
 Large Page Support: Disabled
 NUMA Support: Disabled
 Compressed Oops: Enabled (32-bit)
 Heap Region Size: 1M
 Heap Min Capacity: 8M
 Heap Initial Capacity: 126M
 Heap Max Capacity: 1986M
 Pre-touch: Disabled
 Parallel Workers: 10
 Concurrent Workers: 3
 Concurrent Refinement Workers: 10
 Periodic GC: Disabled
Heap:
 garbage-first heap   total 271360K, used 89259K [0x0000000083e00000, 0x0000000100000000)
  region size 1024K, 11 young (11264K), 11 survivors (11264K)
 Metaspace       used 40291K, committed 40704K, reserved 1089536K
  class space    used 5141K, committed 5312K, reserved 1048576K
GC Heap History (20 events):
Event: 2.617 GC heap after
{Heap after GC invocations=12 (full 0):
 garbage-first heap   total 68608K, used 33000K [0x0000000083e00000, 0x0000000100000000)
  region size 1024K, 3 young (3072K), 3 survivors (3072K)
 Metaspace       used 37542K, committed 37888K, reserved 1089536K
  class space    used 4881K, committed 5056K, reserved 1048576K
}
Event: 2.646 GC heap before
{Heap before GC invocations=12 (full 0):
 garbage-first heap   total 68608K, used 50408K [0x0000000083e00000, 0x0000000100000000)
  region size 1024K, 21 young (21504K), 3 survivors (3072K)
 Metaspace       used 37851K, committed 38336K, reserved 1089536K
  class space    used 4909K, committed 5120K, reserved 1048576K
}
Event: 2.651 GC heap after
{Heap after GC invocations=13 (full 0):
 garbage-first heap   total 115712K, used 37846K [0x0000000083e00000, 0x0000000100000000)
  region size 1024K, 3 young (3072K), 3 survivors (3072K)
 Metaspace       used 37851K, committed 38336K, reserved 1089536K
  class space    used 4909K, committed 5120K, reserved 1048576K
}
Event: 2.726 GC heap before
{Heap before GC invocations=13 (full 0):
 garbage-first heap   total 115712K, used 82902K [0x0000000083e00000, 0x0000000100000000)
  region size 1024K, 48 young (49152K), 3 survivors (3072K)
 Metaspace       used 38730K, committed 39104K, reserved 1089536K
  class space    used 4951K, committed 5120K, reserved 1048576K
}
Event: 2.734 GC heap after
{Heap after GC invocations=14 (full 0):
 garbage-first heap   total 115712K, used 48837K [0x0000000083e00000, 0x0000000100000000)
  region size 1024K, 6 young (6144K), 6 survivors (6144K)
 Metaspace       used 38730K, committed 39104K, reserved 1089536K
  class space    used 4951K, committed 5120K, reserved 1048576K
}
Event: 2.901 GC heap before
{Heap before GC invocations=14 (full 0):
 garbage-first heap   total 115712K, used 85701K [0x0000000083e00000, 0x0000000100000000)
  region size 1024K, 42 young (43008K), 6 survivors (6144K)
 Metaspace       used 39930K, committed 40320K, reserved 1089536K
  class space    used 5101K, committed 5248K, reserved 1048576K
}
Event: 2.911 GC heap after
{Heap after GC invocations=15 (full 0):
 garbage-first heap   total 115712K, used 60535K [0x0000000083e00000, 0x0000000100000000)
  region size 1024K, 6 young (6144K), 6 survivors (6144K)
 Metaspace       used 39930K, committed 40320K, reserved 1089536K
  class space    used 5101K, committed 5248K, reserved 1048576K
}
Event: 2.924 GC heap before
{Heap before GC invocations=15 (full 0):
 garbage-first heap   total 115712K, used 65655K [0x0000000083e00000, 0x0000000100000000)
  region size 1024K, 12 young (12288K), 6 survivors (6144K)
 Metaspace       used 39995K, committed 40448K, reserved 1089536K
  class space    used 5111K, committed 5312K, reserved 1048576K
}
Event: 2.929 GC heap after
{Heap after GC invocations=16 (full 0):
 garbage-first heap   total 115712K, used 65494K [0x0000000083e00000, 0x0000000100000000)
  region size 1024K, 4 young (4096K), 4 survivors (4096K)
 Metaspace       used 39995K, committed 40448K, reserved 1089536K
  class space    used 5111K, committed 5312K, reserved 1048576K
}
Event: 2.967 GC heap before
{Heap before GC invocations=16 (full 0):
 garbage-first heap   total 140288K, used 82902K [0x0000000083e00000, 0x0000000100000000)
  region size 1024K, 22 young (22528K), 4 survivors (4096K)
 Metaspace       used 40091K, committed 40512K, reserved 1089536K
  class space    used 5120K, committed 5312K, reserved 1048576K
}
Event: 2.986 GC heap after
{Heap after GC invocations=17 (full 0):
 garbage-first heap   total 271360K, used 71162K [0x0000000083e00000, 0x0000000100000000)
  region size 1024K, 3 young (3072K), 3 survivors (3072K)
 Metaspace       used 40091K, committed 40512K, reserved 1089536K
  class space    used 5120K, committed 5312K, reserved 1048576K
}
Event: 3.025 GC heap before
{Heap before GC invocations=18 (full 0):
 garbage-first heap   total 271360K, used 151034K [0x0000000083e00000, 0x0000000100000000)
  region size 1024K, 82 young (83968K), 3 survivors (3072K)
 Metaspace       used 40109K, committed 40512K, reserved 1089536K
  class space    used 5125K, committed 5312K, reserved 1048576K
}
Event: 3.030 GC heap after
{Heap after GC invocations=19 (full 0):
 garbage-first heap   total 271360K, used 74880K [0x0000000083e00000, 0x0000000100000000)
  region size 1024K, 7 young (7168K), 7 survivors (7168K)
 Metaspace       used 40109K, committed 40512K, reserved 1089536K
  class space    used 5125K, committed 5312K, reserved 1048576K
}
Event: 3.032 GC heap before
{Heap before GC invocations=19 (full 0):
 garbage-first heap   total 271360K, used 80000K [0x0000000083e00000, 0x0000000100000000)
  region size 1024K, 13 young (13312K), 7 survivors (7168K)
 Metaspace       used 40118K, committed 40512K, reserved 1089536K
  class space    used 5129K, committed 5312K, reserved 1048576K
}
Event: 3.035 GC heap after
{Heap after GC invocations=20 (full 0):
 garbage-first heap   total 271360K, used 74889K [0x0000000083e00000, 0x0000000100000000)
  region size 1024K, 2 young (2048K), 2 survivors (2048K)
 Metaspace       used 40118K, committed 40512K, reserved 1089536K
  class space    used 5129K, committed 5312K, reserved 1048576K
}
Event: 3.069 GC heap before
{Heap before GC invocations=20 (full 0):
 garbage-first heap   total 271360K, used 193673K [0x0000000083e00000, 0x0000000100000000)
  region size 1024K, 119 young (121856K), 2 survivors (2048K)
 Metaspace       used 40288K, committed 40704K, reserved 1089536K
  class space    used 5138K, committed 5312K, reserved 1048576K
}
Event: 3.073 GC heap after
{Heap after GC invocations=21 (full 0):
 garbage-first heap   total 271360K, used 79782K [0x0000000083e00000, 0x0000000100000000)
  region size 1024K, 6 young (6144K), 6 survivors (6144K)
 Metaspace       used 40288K, committed 40704K, reserved 1089536K
  class space    used 5138K, committed 5312K, reserved 1048576K
}
Event: 3.096 GC heap before
{Heap before GC invocations=21 (full 0):
 garbage-first heap   total 271360K, used 198566K [0x0000000083e00000, 0x0000000100000000)
  region size 1024K, 123 young (125952K), 6 survivors (6144K)
 Metaspace       used 40291K, committed 40704K, reserved 1089536K
  class space    used 5140K, committed 5312K, reserved 1048576K
}
Event: 3.101 GC heap after
{Heap after GC invocations=22 (full 0):
 garbage-first heap   total 271360K, used 83729K [0x0000000083e00000, 0x0000000100000000)
  region size 1024K, 10 young (10240K), 10 survivors (10240K)
 Metaspace       used 40291K, committed 40704K, reserved 1089536K
  class space    used 5140K, committed 5312K, reserved 1048576K
}
Event: 3.124 GC heap before
{Heap before GC invocations=22 (full 0):
 garbage-first heap   total 271360K, used 205585K [0x0000000083e00000, 0x0000000100000000)
  region size 1024K, 131 young (134144K), 10 survivors (10240K)
 Metaspace       used 40291K, committed 40704K, reserved 1089536K
  class space    used 5141K, committed 5312K, reserved 1048576K
}

