# JRE version: OpenJDK Runtime Environment Temurin-17.0.5+8 (17.0.5+8) (build 17.0.5+8)
# Java VM: OpenJDK 64-Bit Server VM Temurin-17.0.5+8 (17.0.5+8, mixed mode, emulated-client, tiered, compressed oops, compressed class ptrs, g1 gc, windows-amd64)
GC Precious Log:
 CPUs: 12 total, 12 available
 Memory: 7938M
 Large Page Support: Disabled
 NUMA Support: Disabled
 Compressed Oops: Enabled (32-bit)
 Heap Region Size: 1M
 Heap Min Capacity: 8M
 Heap Initial Capacity: 126M
 Heap Max Capacity: 1986M
 Pre-touch: Disabled
 Parallel Workers: 10
 Concurrent Workers: 3
 Concurrent Refinement Workers: 10
 Periodic GC: Disabled
Heap:
 garbage-first heap   total 235520K, used 88927K [0x0000000083e00000, 0x0000000100000000)
  region size 1024K, 10 young (10240K), 10 survivors (10240K)
 Metaspace       used 39593K, committed 40064K, reserved 1089536K
  class space    used 5054K, committed 5248K, reserved 1048576K
GC Heap History (20 events):
Event: 3.519 GC heap after
{Heap after GC invocations=13 (full 0):
 garbage-first heap   total 71680K, used 34697K [0x0000000083e00000, 0x0000000100000000)
  region size 1024K, 4 young (4096K), 4 survivors (4096K)
 Metaspace       used 37121K, committed 37504K, reserved 1089536K
  class space    used 4844K, committed 5056K, reserved 1048576K
}
Event: 3.542 GC heap before
{Heap before GC invocations=13 (full 0):
 garbage-first heap   total 71680K, used 52105K [0x0000000083e00000, 0x0000000100000000)
  region size 1024K, 22 young (22528K), 4 survivors (4096K)
 Metaspace       used 37212K, committed 37632K, reserved 1089536K
  class space    used 4850K, committed 5056K, reserved 1048576K
}
Event: 3.548 GC heap after
{Heap after GC invocations=14 (full 0):
 garbage-first heap   total 110592K, used 41215K [0x0000000083e00000, 0x0000000100000000)
  region size 1024K, 3 young (3072K), 3 survivors (3072K)
 Metaspace       used 37212K, committed 37632K, reserved 1089536K
  class space    used 4850K, committed 5056K, reserved 1048576K
}
Event: 3.626 GC heap before
{Heap before GC invocations=14 (full 0):
 garbage-first heap   total 110592K, used 75007K [0x0000000083e00000, 0x0000000100000000)
  region size 1024K, 37 young (37888K), 3 survivors (3072K)
 Metaspace       used 37515K, committed 37888K, reserved 1089536K
  class space    used 4887K, committed 5056K, reserved 1048576K
}
Event: 3.631 GC heap after
{Heap after GC invocations=15 (full 0):
 garbage-first heap   total 110592K, used 47830K [0x0000000083e00000, 0x0000000100000000)
  region size 1024K, 5 young (5120K), 5 survivors (5120K)
 Metaspace       used 37515K, committed 37888K, reserved 1089536K
  class space    used 4887K, committed 5056K, reserved 1048576K
}
Event: 3.812 GC heap before
{Heap before GC invocations=15 (full 0):
 garbage-first heap   total 110592K, used 78550K [0x0000000083e00000, 0x0000000100000000)
  region size 1024K, 35 young (35840K), 5 survivors (5120K)
 Metaspace       used 38312K, committed 38720K, reserved 1089536K
  class space    used 4936K, committed 5120K, reserved 1048576K
}
Event: 3.822 GC heap after
{Heap after GC invocations=16 (full 0):
 garbage-first heap   total 110592K, used 59762K [0x0000000083e00000, 0x0000000100000000)
  region size 1024K, 5 young (5120K), 5 survivors (5120K)
 Metaspace       used 38312K, committed 38720K, reserved 1089536K
  class space    used 4936K, committed 5120K, reserved 1048576K
}
Event: 3.829 GC heap before
{Heap before GC invocations=16 (full 0):
 garbage-first heap   total 110592K, used 59762K [0x0000000083e00000, 0x0000000100000000)
  region size 1024K, 6 young (6144K), 5 survivors (5120K)
 Metaspace       used 38312K, committed 38720K, reserved 1089536K
  class space    used 4936K, committed 5120K, reserved 1048576K
}
Event: 3.833 GC heap after
{Heap after GC invocations=17 (full 0):
 garbage-first heap   total 110592K, used 61410K [0x0000000083e00000, 0x0000000100000000)
  region size 1024K, 1 young (1024K), 1 survivors (1024K)
 Metaspace       used 38312K, committed 38720K, reserved 1089536K
  class space    used 4936K, committed 5120K, reserved 1048576K
}
Event: 3.883 GC heap before
{Heap before GC invocations=17 (full 0):
 garbage-first heap   total 117760K, used 80866K [0x0000000083e00000, 0x0000000100000000)
  region size 1024K, 21 young (21504K), 1 survivors (1024K)
 Metaspace       used 38598K, committed 39104K, reserved 1089536K
  class space    used 4953K, committed 5184K, reserved 1048576K
}
Event: 3.902 GC heap after
{Heap after GC invocations=18 (full 0):
 garbage-first heap   total 235520K, used 66698K [0x0000000083e00000, 0x0000000100000000)
  region size 1024K, 3 young (3072K), 3 survivors (3072K)
 Metaspace       used 38598K, committed 39104K, reserved 1089536K
  class space    used 4953K, committed 5184K, reserved 1048576K
}
Event: 3.989 GC heap before
{Heap before GC invocations=19 (full 0):
 garbage-first heap   total 235520K, used 150666K [0x0000000083e00000, 0x0000000100000000)
  region size 1024K, 86 young (88064K), 3 survivors (3072K)
 Metaspace       used 38881K, committed 39296K, reserved 1089536K
  class space    used 4979K, committed 5184K, reserved 1048576K
}
Event: 3.993 GC heap after
{Heap after GC invocations=20 (full 0):
 garbage-first heap   total 235520K, used 70389K [0x0000000083e00000, 0x0000000100000000)
  region size 1024K, 7 young (7168K), 7 survivors (7168K)
 Metaspace       used 38881K, committed 39296K, reserved 1089536K
  class space    used 4979K, committed 5184K, reserved 1048576K
}
Event: 4.062 GC heap before
{Heap before GC invocations=20 (full 0):
 garbage-first heap   total 235520K, used 175861K [0x0000000083e00000, 0x0000000100000000)
  region size 1024K, 111 young (113664K), 7 survivors (7168K)
 Metaspace       used 39047K, committed 39424K, reserved 1089536K
  class space    used 4996K, committed 5184K, reserved 1048576K
}
Event: 4.069 GC heap after
{Heap after GC invocations=21 (full 0):
 garbage-first heap   total 235520K, used 75643K [0x0000000083e00000, 0x0000000100000000)
  region size 1024K, 12 young (12288K), 12 survivors (12288K)
 Metaspace       used 39047K, committed 39424K, reserved 1089536K
  class space    used 4996K, committed 5184K, reserved 1048576K
}
Event: 4.096 GC heap before
{Heap before GC invocations=21 (full 0):
 garbage-first heap   total 235520K, used 179067K [0x0000000083e00000, 0x0000000100000000)
  region size 1024K, 114 young (116736K), 12 survivors (12288K)
 Metaspace       used 39161K, committed 39552K, reserved 1089536K
  class space    used 5009K, committed 5184K, reserved 1048576K
}
Event: 4.105 GC heap after
{Heap after GC invocations=22 (full 0):
 garbage-first heap   total 235520K, used 79712K [0x0000000083e00000, 0x0000000100000000)
  region size 1024K, 10 young (10240K), 10 survivors (10240K)
 Metaspace       used 39161K, committed 39552K, reserved 1089536K
  class space    used 5009K, committed 5184K, reserved 1048576K
}
Event: 4.132 GC heap before
{Heap before GC invocations=22 (full 0):
 garbage-first heap   total 235520K, used 184160K [0x0000000083e00000, 0x0000000100000000)
  region size 1024K, 113 young (115712K), 10 survivors (10240K)
 Metaspace       used 39355K, committed 39744K, reserved 1089536K
  class space    used 5025K, committed 5184K, reserved 1048576K
}
Event: 4.138 GC heap after
{Heap after GC invocations=23 (full 0):
 garbage-first heap   total 235520K, used 84429K [0x0000000083e00000, 0x0000000100000000)
  region size 1024K, 9 young (9216K), 9 survivors (9216K)
 Metaspace       used 39355K, committed 39744K, reserved 1089536K
  class space    used 5025K, committed 5184K, reserved 1048576K
}
Event: 4.167 GC heap before
{Heap before GC invocations=23 (full 0):
 garbage-first heap   total 235520K, used 188877K [0x0000000083e00000, 0x0000000100000000)
  region size 1024K, 112 young (114688K), 9 survivors (9216K)
 Metaspace       used 39593K, committed 40064K, reserved 1089536K
  class space    used 5054K, committed 5248K, reserved 1048576K
}

