# JRE version: OpenJDK Runtime Environment Temurin-17.0.5+8 (17.0.5+8) (build 17.0.5+8)
# Java VM: OpenJDK 64-Bit Server VM Temurin-17.0.5+8 (17.0.5+8, mixed mode, emulated-client, tiered, compressed oops, compressed class ptrs, g1 gc, windows-amd64)
GC Precious Log:
 CPUs: 12 total, 12 available
 Memory: 7938M
 Large Page Support: Disabled
 NUMA Support: Disabled
 Compressed Oops: Enabled (32-bit)
 Heap Region Size: 1M
 Heap Min Capacity: 8M
 Heap Initial Capacity: 126M
 Heap Max Capacity: 1986M
 Pre-touch: Disabled
 Parallel Workers: 10
 Concurrent Workers: 3
 Concurrent Refinement Workers: 10
 Periodic GC: Disabled
Heap:
 garbage-first heap   total 263168K, used 90091K [0x0000000083e00000, 0x0000000100000000)
  region size 1024K, 11 young (11264K), 11 survivors (11264K)
 Metaspace       used 40193K, committed 40576K, reserved 1089536K
  class space    used 5141K, committed 5312K, reserved 1048576K
GC Heap History (20 events):
Event: 2.634 GC heap after
{Heap after GC invocations=13 (full 0):
 garbage-first heap   total 71680K, used 33768K [0x0000000083e00000, 0x0000000100000000)
  region size 1024K, 4 young (4096K), 4 survivors (4096K)
 Metaspace       used 37953K, committed 38400K, reserved 1089536K
  class space    used 4918K, committed 5120K, reserved 1048576K
}
Event: 2.669 GC heap before
{Heap before GC invocations=13 (full 0):
 garbage-first heap   total 71680K, used 52200K [0x0000000083e00000, 0x0000000100000000)
  region size 1024K, 23 young (23552K), 4 survivors (4096K)
 Metaspace       used 38433K, committed 38848K, reserved 1089536K
  class space    used 4931K, committed 5120K, reserved 1048576K
}
Event: 2.674 GC heap after
{Heap after GC invocations=14 (full 0):
 garbage-first heap   total 114688K, used 39448K [0x0000000083e00000, 0x0000000100000000)
  region size 1024K, 3 young (3072K), 3 survivors (3072K)
 Metaspace       used 38433K, committed 38848K, reserved 1089536K
  class space    used 4931K, committed 5120K, reserved 1048576K
}
Event: 2.737 GC heap before
{Heap before GC invocations=14 (full 0):
 garbage-first heap   total 114688K, used 79384K [0x0000000083e00000, 0x0000000100000000)
  region size 1024K, 43 young (44032K), 3 survivors (3072K)
 Metaspace       used 38736K, committed 39104K, reserved 1089536K
  class space    used 4957K, committed 5120K, reserved 1048576K
}
Event: 2.745 GC heap after
{Heap after GC invocations=15 (full 0):
 garbage-first heap   total 114688K, used 50061K [0x0000000083e00000, 0x0000000100000000)
  region size 1024K, 6 young (6144K), 6 survivors (6144K)
 Metaspace       used 38736K, committed 39104K, reserved 1089536K
  class space    used 4957K, committed 5120K, reserved 1048576K
}
Event: 2.929 GC heap before
{Heap before GC invocations=15 (full 0):
 garbage-first heap   total 114688K, used 84877K [0x0000000083e00000, 0x0000000100000000)
  region size 1024K, 39 young (39936K), 6 survivors (6144K)
 Metaspace       used 39777K, committed 40128K, reserved 1089536K
  class space    used 5096K, committed 5248K, reserved 1048576K
}
Event: 2.937 GC heap after
{Heap after GC invocations=16 (full 0):
 garbage-first heap   total 114688K, used 60730K [0x0000000083e00000, 0x0000000100000000)
  region size 1024K, 5 young (5120K), 5 survivors (5120K)
 Metaspace       used 39777K, committed 40128K, reserved 1089536K
  class space    used 5096K, committed 5248K, reserved 1048576K
}
Event: 2.954 GC heap before
{Heap before GC invocations=16 (full 0):
 garbage-first heap   total 114688K, used 68922K [0x0000000083e00000, 0x0000000100000000)
  region size 1024K, 14 young (14336K), 5 survivors (5120K)
 Metaspace       used 39777K, committed 40128K, reserved 1089536K
  class space    used 5096K, committed 5248K, reserved 1048576K
}
Event: 2.960 GC heap after
{Heap after GC invocations=17 (full 0):
 garbage-first heap   total 114688K, used 65770K [0x0000000083e00000, 0x0000000100000000)
  region size 1024K, 4 young (4096K), 4 survivors (4096K)
 Metaspace       used 39777K, committed 40128K, reserved 1089536K
  class space    used 5096K, committed 5248K, reserved 1048576K
}
Event: 3.000 GC heap before
{Heap before GC invocations=17 (full 0):
 garbage-first heap   total 138240K, used 85226K [0x0000000083e00000, 0x0000000100000000)
  region size 1024K, 24 young (24576K), 4 survivors (4096K)
 Metaspace       used 39867K, committed 40320K, reserved 1089536K
  class space    used 5106K, committed 5312K, reserved 1048576K
}
Event: 3.020 GC heap after
{Heap after GC invocations=18 (full 0):
 garbage-first heap   total 263168K, used 71027K [0x0000000083e00000, 0x0000000100000000)
  region size 1024K, 3 young (3072K), 3 survivors (3072K)
 Metaspace       used 39867K, committed 40320K, reserved 1089536K
  class space    used 5106K, committed 5312K, reserved 1048576K
}
Event: 3.072 GC heap before
{Heap before GC invocations=19 (full 0):
 garbage-first heap   total 263168K, used 163187K [0x0000000083e00000, 0x0000000100000000)
  region size 1024K, 94 young (96256K), 3 survivors (3072K)
 Metaspace       used 39879K, committed 40320K, reserved 1089536K
  class space    used 5107K, committed 5312K, reserved 1048576K
}
Event: 3.076 GC heap after
{Heap after GC invocations=20 (full 0):
 garbage-first heap   total 263168K, used 75123K [0x0000000083e00000, 0x0000000100000000)
  region size 1024K, 7 young (7168K), 7 survivors (7168K)
 Metaspace       used 39879K, committed 40320K, reserved 1089536K
  class space    used 5107K, committed 5312K, reserved 1048576K
}
Event: 3.079 GC heap before
{Heap before GC invocations=20 (full 0):
 garbage-first heap   total 263168K, used 79219K [0x0000000083e00000, 0x0000000100000000)
  region size 1024K, 12 young (12288K), 7 survivors (7168K)
 Metaspace       used 39879K, committed 40320K, reserved 1089536K
  class space    used 5107K, committed 5312K, reserved 1048576K
}
Event: 3.082 GC heap after
{Heap after GC invocations=21 (full 0):
 garbage-first heap   total 263168K, used 75361K [0x0000000083e00000, 0x0000000100000000)
  region size 1024K, 2 young (2048K), 2 survivors (2048K)
 Metaspace       used 39879K, committed 40320K, reserved 1089536K
  class space    used 5107K, committed 5312K, reserved 1048576K
}
Event: 3.118 GC heap before
{Heap before GC invocations=21 (full 0):
 garbage-first heap   total 263168K, used 196193K [0x0000000083e00000, 0x0000000100000000)
  region size 1024K, 121 young (123904K), 2 survivors (2048K)
 Metaspace       used 40020K, committed 40448K, reserved 1089536K
  class space    used 5120K, committed 5312K, reserved 1048576K
}
Event: 3.121 GC heap after
{Heap after GC invocations=22 (full 0):
 garbage-first heap   total 263168K, used 79610K [0x0000000083e00000, 0x0000000100000000)
  region size 1024K, 6 young (6144K), 6 survivors (6144K)
 Metaspace       used 40020K, committed 40448K, reserved 1089536K
  class space    used 5120K, committed 5312K, reserved 1048576K
}
Event: 3.161 GC heap before
{Heap before GC invocations=22 (full 0):
 garbage-first heap   total 263168K, used 202490K [0x0000000083e00000, 0x0000000100000000)
  region size 1024K, 127 young (130048K), 6 survivors (6144K)
 Metaspace       used 40176K, committed 40576K, reserved 1089536K
  class space    used 5136K, committed 5312K, reserved 1048576K
}
Event: 3.166 GC heap after
{Heap after GC invocations=23 (full 0):
 garbage-first heap   total 263168K, used 84628K [0x0000000083e00000, 0x0000000100000000)
  region size 1024K, 11 young (11264K), 11 survivors (11264K)
 Metaspace       used 40176K, committed 40576K, reserved 1089536K
  class space    used 5136K, committed 5312K, reserved 1048576K
}
Event: 3.194 GC heap before
{Heap before GC invocations=23 (full 0):
 garbage-first heap   total 263168K, used 207508K [0x0000000083e00000, 0x0000000100000000)
  region size 1024K, 132 young (135168K), 11 survivors (11264K)
 Metaspace       used 40193K, committed 40576K, reserved 1089536K
  class space    used 5141K, committed 5312K, reserved 1048576K
}

